2020-01-14 08:16:34,074 INFO org.springframework.boot.StartupInfoLogger [main] Starting AppDia7 on CP5869 with PID 20396 (C:\Users\user\projetos\treinamento\target\classes started by user in C:\Users\user\projetos\treinamento)
2020-01-14 08:16:34,078 INFO org.springframework.boot.SpringApplication [main] No active profile set, falling back to default profiles: default
2020-01-14 08:16:34,645 INFO org.springframework.data.repository.config.RepositoryConfigurationDelegate [main] Bootstrapping Spring Data JPA repositories in DEFAULT mode.
2020-01-14 08:16:34,661 INFO org.springframework.data.repository.config.RepositoryConfigurationDelegate [main] Finished Spring Data repository scanning in 10ms. Found 0 JPA repository interfaces.
2020-01-14 08:16:34,831 INFO org.springframework.context.support.PostProcessorRegistrationDelegate$BeanPostProcessorChecker [main] Bean 'org.springframework.transaction.annotation.ProxyTransactionManagementConfiguration' of type [org.springframework.transaction.annotation.ProxyTransactionManagementConfiguration] is not eligible for getting processed by all BeanPostProcessors (for example: not eligible for auto-proxying)
2020-01-14 08:16:35,169 INFO org.springframework.boot.web.embedded.tomcat.TomcatWebServer [main] Tomcat initialized with port(s): 8080 (http)
2020-01-14 08:16:35,184 INFO org.apache.juli.logging.DirectJDKLog [main] Initializing ProtocolHandler ["http-nio-8080"]
2020-01-14 08:16:35,186 INFO org.apache.juli.logging.DirectJDKLog [main] Starting service [Tomcat]
2020-01-14 08:16:35,187 INFO org.apache.juli.logging.DirectJDKLog [main] Starting Servlet engine: [Apache Tomcat/9.0.29]
2020-01-14 08:16:35,306 INFO org.apache.juli.logging.DirectJDKLog [main] Initializing Spring embedded WebApplicationContext
2020-01-14 08:16:35,306 INFO org.springframework.boot.web.servlet.context.ServletWebServerApplicationContext [main] Root WebApplicationContext: initialization completed in 1178 ms
2020-01-14 08:16:35,672 INFO org.hibernate.jpa.internal.util.LogHelper [main] HHH000204: Processing PersistenceUnitInfo [name: default]
2020-01-14 08:16:35,746 INFO org.hibernate.Version [main] HHH000412: Hibernate Core {5.4.9.Final}
2020-01-14 08:16:35,881 INFO org.hibernate.annotations.common.reflection.java.JavaReflectionManager [main] HCANN000001: Hibernate Commons Annotations {5.1.0.Final}
2020-01-14 08:16:36,044 INFO com.zaxxer.hikari.HikariDataSource [main] HikariPool-1 - Starting...
2020-01-14 08:16:36,152 INFO com.zaxxer.hikari.HikariDataSource [main] HikariPool-1 - Start completed.
2020-01-14 08:16:36,167 INFO org.hibernate.dialect.Dialect [main] HHH000400: Using dialect: org.hibernate.dialect.H2Dialect
2020-01-14 08:16:39,733 INFO org.hibernate.engine.transaction.jta.platform.internal.JtaPlatformInitiator [main] HHH000490: Using JtaPlatform implementation: [org.hibernate.engine.transaction.jta.platform.internal.NoJtaPlatform]
2020-01-14 08:16:39,779 INFO org.springframework.orm.jpa.AbstractEntityManagerFactoryBean [main] Initialized JPA EntityManagerFactory for persistence unit 'default'
2020-01-14 08:16:40,097 WARN org.springframework.boot.autoconfigure.orm.jpa.JpaBaseConfiguration$JpaWebConfiguration [main] spring.jpa.open-in-view is enabled by default. Therefore, database queries may be performed during view rendering. Explicitly configure spring.jpa.open-in-view to disable this warning
2020-01-14 08:16:40,359 INFO org.springframework.scheduling.concurrent.ExecutorConfigurationSupport [main] Initializing ExecutorService 'applicationTaskExecutor'
2020-01-14 08:16:41,036 INFO org.apache.juli.logging.DirectJDKLog [main] Starting ProtocolHandler ["http-nio-8080"]
2020-01-14 08:16:41,221 INFO org.springframework.boot.web.embedded.tomcat.TomcatWebServer [main] Tomcat started on port(s): 8080 (http) with context path ''
2020-01-14 08:16:41,223 INFO org.springframework.boot.StartupInfoLogger [main] Started AppDia7 in 7.549 seconds (JVM running for 8.559)
2020-01-14 08:16:41,226 INFO treinamento.dia6.AppSpringJPA [main] Inicializando aplicação Spring...
2020-01-14 08:16:41,355 INFO treinamento.dia6.AppSpringJPA [main] Encerrando aplicação Spring...
2020-01-14 08:16:49,712 INFO org.springframework.boot.admin.SpringApplicationAdminMXBeanRegistrar$SpringApplicationAdmin [RMI TCP Connection(2)-127.0.0.1] Application shutdown requested.
2020-01-14 08:16:49,723 INFO org.springframework.scheduling.concurrent.ExecutorConfigurationSupport [RMI TCP Connection(2)-127.0.0.1] Shutting down ExecutorService 'applicationTaskExecutor'
2020-01-14 08:16:49,726 INFO org.springframework.orm.jpa.AbstractEntityManagerFactoryBean [RMI TCP Connection(2)-127.0.0.1] Closing JPA EntityManagerFactory for persistence unit 'default'
2020-01-14 08:16:49,731 INFO com.zaxxer.hikari.HikariDataSource [RMI TCP Connection(2)-127.0.0.1] HikariPool-1 - Shutdown initiated...
2020-01-14 08:16:49,741 INFO com.zaxxer.hikari.HikariDataSource [RMI TCP Connection(2)-127.0.0.1] HikariPool-1 - Shutdown completed.
2020-01-14 08:16:59,054 INFO org.springframework.boot.StartupInfoLogger [main] Starting AppDia7 on CP5869 with PID 18972 (C:\Users\user\projetos\treinamento\target\classes started by user in C:\Users\user\projetos\treinamento)
2020-01-14 08:16:59,056 INFO org.springframework.boot.SpringApplication [main] No active profile set, falling back to default profiles: default
2020-01-14 08:16:59,483 INFO org.springframework.data.repository.config.RepositoryConfigurationDelegate [main] Bootstrapping Spring Data JPA repositories in DEFAULT mode.
2020-01-14 08:16:59,500 INFO org.springframework.data.repository.config.RepositoryConfigurationDelegate [main] Finished Spring Data repository scanning in 10ms. Found 0 JPA repository interfaces.
2020-01-14 08:16:59,667 INFO org.springframework.context.support.PostProcessorRegistrationDelegate$BeanPostProcessorChecker [main] Bean 'org.springframework.transaction.annotation.ProxyTransactionManagementConfiguration' of type [org.springframework.transaction.annotation.ProxyTransactionManagementConfiguration] is not eligible for getting processed by all BeanPostProcessors (for example: not eligible for auto-proxying)
2020-01-14 08:16:59,823 INFO org.springframework.boot.web.embedded.tomcat.TomcatWebServer [main] Tomcat initialized with port(s): 8080 (http)
2020-01-14 08:16:59,829 INFO org.apache.juli.logging.DirectJDKLog [main] Initializing ProtocolHandler ["http-nio-8080"]
2020-01-14 08:16:59,830 INFO org.apache.juli.logging.DirectJDKLog [main] Starting service [Tomcat]
2020-01-14 08:16:59,830 INFO org.apache.juli.logging.DirectJDKLog [main] Starting Servlet engine: [Apache Tomcat/9.0.29]
2020-01-14 08:16:59,915 INFO org.apache.juli.logging.DirectJDKLog [main] Initializing Spring embedded WebApplicationContext
2020-01-14 08:16:59,915 INFO org.springframework.boot.web.servlet.context.ServletWebServerApplicationContext [main] Root WebApplicationContext: initialization completed in 831 ms
2020-01-14 08:17:00,026 INFO org.hibernate.jpa.internal.util.LogHelper [main] HHH000204: Processing PersistenceUnitInfo [name: default]
2020-01-14 08:17:00,071 INFO org.hibernate.Version [main] HHH000412: Hibernate Core {5.4.9.Final}
2020-01-14 08:17:00,158 INFO org.hibernate.annotations.common.reflection.java.JavaReflectionManager [main] HCANN000001: Hibernate Commons Annotations {5.1.0.Final}
2020-01-14 08:17:00,281 INFO com.zaxxer.hikari.HikariDataSource [main] HikariPool-1 - Starting...
2020-01-14 08:17:00,310 INFO com.zaxxer.hikari.HikariDataSource [main] HikariPool-1 - Start completed.
2020-01-14 08:17:00,319 INFO org.hibernate.dialect.Dialect [main] HHH000400: Using dialect: org.hibernate.dialect.H2Dialect
2020-01-14 08:17:00,697 INFO org.hibernate.engine.transaction.jta.platform.internal.JtaPlatformInitiator [main] HHH000490: Using JtaPlatform implementation: [org.hibernate.engine.transaction.jta.platform.internal.NoJtaPlatform]
2020-01-14 08:17:00,702 INFO org.springframework.orm.jpa.AbstractEntityManagerFactoryBean [main] Initialized JPA EntityManagerFactory for persistence unit 'default'
2020-01-14 08:17:00,781 WARN org.springframework.boot.autoconfigure.orm.jpa.JpaBaseConfiguration$JpaWebConfiguration [main] spring.jpa.open-in-view is enabled by default. Therefore, database queries may be performed during view rendering. Explicitly configure spring.jpa.open-in-view to disable this warning
2020-01-14 08:17:00,866 INFO org.springframework.scheduling.concurrent.ExecutorConfigurationSupport [main] Initializing ExecutorService 'applicationTaskExecutor'
2020-01-14 08:17:00,988 INFO org.apache.juli.logging.DirectJDKLog [main] Starting ProtocolHandler ["http-nio-8080"]
2020-01-14 08:17:01,002 INFO org.springframework.boot.web.embedded.tomcat.TomcatWebServer [main] Tomcat started on port(s): 8080 (http) with context path ''
2020-01-14 08:17:01,004 INFO org.springframework.boot.StartupInfoLogger [main] Started AppDia7 in 2.207 seconds (JVM running for 3.108)
2020-01-14 08:17:01,005 INFO treinamento.dia6.AppSpringJPA [main] Inicializando aplicação Spring...
2020-01-14 08:17:01,039 INFO treinamento.dia6.AppSpringJPA [main] Encerrando aplicação Spring...
2020-01-14 08:17:13,772 INFO org.springframework.boot.admin.SpringApplicationAdminMXBeanRegistrar$SpringApplicationAdmin [RMI TCP Connection(2)-127.0.0.1] Application shutdown requested.
2020-01-14 08:17:13,774 INFO org.springframework.scheduling.concurrent.ExecutorConfigurationSupport [RMI TCP Connection(2)-127.0.0.1] Shutting down ExecutorService 'applicationTaskExecutor'
2020-01-14 08:17:13,775 INFO org.springframework.orm.jpa.AbstractEntityManagerFactoryBean [RMI TCP Connection(2)-127.0.0.1] Closing JPA EntityManagerFactory for persistence unit 'default'
2020-01-14 08:17:13,776 INFO com.zaxxer.hikari.HikariDataSource [RMI TCP Connection(2)-127.0.0.1] HikariPool-1 - Shutdown initiated...
2020-01-14 08:17:13,783 INFO com.zaxxer.hikari.HikariDataSource [RMI TCP Connection(2)-127.0.0.1] HikariPool-1 - Shutdown completed.
2020-01-14 08:17:39,380 INFO org.springframework.boot.StartupInfoLogger [main] Starting AppDia7 on CP5869 with PID 3908 (C:\Users\user\projetos\treinamento\target\classes started by user in C:\Users\user\projetos\treinamento)
2020-01-14 08:17:39,382 INFO org.springframework.boot.SpringApplication [main] No active profile set, falling back to default profiles: default
2020-01-14 08:17:39,774 INFO org.springframework.data.repository.config.RepositoryConfigurationDelegate [main] Bootstrapping Spring Data JPA repositories in DEFAULT mode.
2020-01-14 08:17:39,788 INFO org.springframework.data.repository.config.RepositoryConfigurationDelegate [main] Finished Spring Data repository scanning in 8ms. Found 0 JPA repository interfaces.
2020-01-14 08:17:39,956 INFO org.springframework.context.support.PostProcessorRegistrationDelegate$BeanPostProcessorChecker [main] Bean 'org.springframework.transaction.annotation.ProxyTransactionManagementConfiguration' of type [org.springframework.transaction.annotation.ProxyTransactionManagementConfiguration] is not eligible for getting processed by all BeanPostProcessors (for example: not eligible for auto-proxying)
2020-01-14 08:17:40,186 INFO org.springframework.boot.web.embedded.tomcat.TomcatWebServer [main] Tomcat initialized with port(s): 8080 (http)
2020-01-14 08:17:40,193 INFO org.apache.juli.logging.DirectJDKLog [main] Initializing ProtocolHandler ["http-nio-8080"]
2020-01-14 08:17:40,194 INFO org.apache.juli.logging.DirectJDKLog [main] Starting service [Tomcat]
2020-01-14 08:17:40,194 INFO org.apache.juli.logging.DirectJDKLog [main] Starting Servlet engine: [Apache Tomcat/9.0.29]
2020-01-14 08:17:40,257 INFO org.apache.juli.logging.DirectJDKLog [main] Initializing Spring embedded WebApplicationContext
2020-01-14 08:17:40,257 INFO org.springframework.boot.web.servlet.context.ServletWebServerApplicationContext [main] Root WebApplicationContext: initialization completed in 843 ms
2020-01-14 08:17:40,358 INFO org.hibernate.jpa.internal.util.LogHelper [main] HHH000204: Processing PersistenceUnitInfo [name: default]
2020-01-14 08:17:40,401 INFO org.hibernate.Version [main] HHH000412: Hibernate Core {5.4.9.Final}
2020-01-14 08:17:40,481 INFO org.hibernate.annotations.common.reflection.java.JavaReflectionManager [main] HCANN000001: Hibernate Commons Annotations {5.1.0.Final}
2020-01-14 08:17:40,598 INFO com.zaxxer.hikari.HikariDataSource [main] HikariPool-1 - Starting...
2020-01-14 08:17:40,627 INFO com.zaxxer.hikari.HikariDataSource [main] HikariPool-1 - Start completed.
2020-01-14 08:17:40,637 INFO org.hibernate.dialect.Dialect [main] HHH000400: Using dialect: org.hibernate.dialect.H2Dialect
2020-01-14 08:17:40,775 INFO org.hibernate.engine.transaction.jta.platform.internal.JtaPlatformInitiator [main] HHH000490: Using JtaPlatform implementation: [org.hibernate.engine.transaction.jta.platform.internal.NoJtaPlatform]
2020-01-14 08:17:40,779 INFO org.springframework.orm.jpa.AbstractEntityManagerFactoryBean [main] Initialized JPA EntityManagerFactory for persistence unit 'default'
2020-01-14 08:17:40,825 WARN org.springframework.boot.autoconfigure.orm.jpa.JpaBaseConfiguration$JpaWebConfiguration [main] spring.jpa.open-in-view is enabled by default. Therefore, database queries may be performed during view rendering. Explicitly configure spring.jpa.open-in-view to disable this warning
2020-01-14 08:17:40,914 INFO org.springframework.scheduling.concurrent.ExecutorConfigurationSupport [main] Initializing ExecutorService 'applicationTaskExecutor'
2020-01-14 08:17:41,049 INFO org.apache.juli.logging.DirectJDKLog [main] Starting ProtocolHandler ["http-nio-8080"]
2020-01-14 08:17:41,064 INFO org.springframework.boot.web.embedded.tomcat.TomcatWebServer [main] Tomcat started on port(s): 8080 (http) with context path ''
2020-01-14 08:17:41,066 INFO org.springframework.boot.StartupInfoLogger [main] Started AppDia7 in 1.944 seconds (JVM running for 2.994)
2020-01-14 08:18:16,316 INFO org.springframework.boot.StartupInfoLogger [main] Starting AppDia7 on CP5869 with PID 14756 (C:\Users\user\projetos\treinamento\target\classes started by user in C:\Users\user\projetos\treinamento)
2020-01-14 08:18:16,319 INFO org.springframework.boot.SpringApplication [main] No active profile set, falling back to default profiles: default
2020-01-14 08:18:16,722 INFO org.springframework.data.repository.config.RepositoryConfigurationDelegate [main] Bootstrapping Spring Data JPA repositories in DEFAULT mode.
2020-01-14 08:18:16,736 INFO org.springframework.data.repository.config.RepositoryConfigurationDelegate [main] Finished Spring Data repository scanning in 8ms. Found 0 JPA repository interfaces.
2020-01-14 08:18:16,900 INFO org.springframework.context.support.PostProcessorRegistrationDelegate$BeanPostProcessorChecker [main] Bean 'org.springframework.transaction.annotation.ProxyTransactionManagementConfiguration' of type [org.springframework.transaction.annotation.ProxyTransactionManagementConfiguration] is not eligible for getting processed by all BeanPostProcessors (for example: not eligible for auto-proxying)
2020-01-14 08:18:17,087 INFO org.springframework.boot.web.embedded.tomcat.TomcatWebServer [main] Tomcat initialized with port(s): 8080 (http)
2020-01-14 08:18:17,093 INFO org.apache.juli.logging.DirectJDKLog [main] Initializing ProtocolHandler ["http-nio-8080"]
2020-01-14 08:18:17,094 INFO org.apache.juli.logging.DirectJDKLog [main] Starting service [Tomcat]
2020-01-14 08:18:17,094 INFO org.apache.juli.logging.DirectJDKLog [main] Starting Servlet engine: [Apache Tomcat/9.0.29]
2020-01-14 08:18:17,174 INFO org.apache.juli.logging.DirectJDKLog [main] Initializing Spring embedded WebApplicationContext
2020-01-14 08:18:17,175 INFO org.springframework.boot.web.servlet.context.ServletWebServerApplicationContext [main] Root WebApplicationContext: initialization completed in 823 ms
2020-01-14 08:18:17,291 INFO org.hibernate.jpa.internal.util.LogHelper [main] HHH000204: Processing PersistenceUnitInfo [name: default]
2020-01-14 08:18:17,333 INFO org.hibernate.Version [main] HHH000412: Hibernate Core {5.4.9.Final}
2020-01-14 08:18:17,411 INFO org.hibernate.annotations.common.reflection.java.JavaReflectionManager [main] HCANN000001: Hibernate Commons Annotations {5.1.0.Final}
2020-01-14 08:18:17,509 INFO com.zaxxer.hikari.HikariDataSource [main] HikariPool-1 - Starting...
2020-01-14 08:18:17,539 INFO com.zaxxer.hikari.HikariDataSource [main] HikariPool-1 - Start completed.
2020-01-14 08:18:17,548 INFO org.hibernate.dialect.Dialect [main] HHH000400: Using dialect: org.hibernate.dialect.H2Dialect
2020-01-14 08:18:17,686 INFO org.hibernate.engine.transaction.jta.platform.internal.JtaPlatformInitiator [main] HHH000490: Using JtaPlatform implementation: [org.hibernate.engine.transaction.jta.platform.internal.NoJtaPlatform]
2020-01-14 08:18:17,690 INFO org.springframework.orm.jpa.AbstractEntityManagerFactoryBean [main] Initialized JPA EntityManagerFactory for persistence unit 'default'
2020-01-14 08:18:17,734 WARN org.springframework.boot.autoconfigure.orm.jpa.JpaBaseConfiguration$JpaWebConfiguration [main] spring.jpa.open-in-view is enabled by default. Therefore, database queries may be performed during view rendering. Explicitly configure spring.jpa.open-in-view to disable this warning
2020-01-14 08:18:17,819 INFO org.springframework.scheduling.concurrent.ExecutorConfigurationSupport [main] Initializing ExecutorService 'applicationTaskExecutor'
2020-01-14 08:18:17,940 INFO org.apache.juli.logging.DirectJDKLog [main] Starting ProtocolHandler ["http-nio-8080"]
2020-01-14 08:18:17,948 INFO org.apache.juli.logging.DirectJDKLog [main] Pausing ProtocolHandler ["http-nio-8080"]
2020-01-14 08:18:17,948 INFO org.apache.juli.logging.DirectJDKLog [main] Stopping service [Tomcat]
2020-01-14 08:18:17,952 INFO org.apache.juli.logging.DirectJDKLog [main] Stopping ProtocolHandler ["http-nio-8080"]
2020-01-14 08:18:17,952 INFO org.apache.juli.logging.DirectJDKLog [main] Destroying ProtocolHandler ["http-nio-8080"]
2020-01-14 08:18:17,954 INFO org.springframework.boot.autoconfigure.logging.ConditionEvaluationReportLoggingListener [main] 

Error starting ApplicationContext. To display the conditions report re-run your application with 'debug' enabled.
2020-01-14 08:18:17,979 ERROR org.springframework.boot.diagnostics.LoggingFailureAnalysisReporter [main] 

***************************
APPLICATION FAILED TO START
***************************

Description:

Web server failed to start. Port 8080 was already in use.

Action:

Identify and stop the process that's listening on port 8080 or configure this application to listen on another port.

2020-01-14 08:18:17,984 INFO org.springframework.scheduling.concurrent.ExecutorConfigurationSupport [main] Shutting down ExecutorService 'applicationTaskExecutor'
2020-01-14 08:18:17,984 INFO org.springframework.orm.jpa.AbstractEntityManagerFactoryBean [main] Closing JPA EntityManagerFactory for persistence unit 'default'
2020-01-14 08:18:17,987 INFO com.zaxxer.hikari.HikariDataSource [main] HikariPool-1 - Shutdown initiated...
2020-01-14 08:18:17,998 INFO com.zaxxer.hikari.HikariDataSource [main] HikariPool-1 - Shutdown completed.
2020-01-14 08:18:33,476 INFO org.springframework.boot.admin.SpringApplicationAdminMXBeanRegistrar$SpringApplicationAdmin [RMI TCP Connection(7)-127.0.0.1] Application shutdown requested.
2020-01-14 08:18:33,480 INFO org.springframework.scheduling.concurrent.ExecutorConfigurationSupport [RMI TCP Connection(7)-127.0.0.1] Shutting down ExecutorService 'applicationTaskExecutor'
2020-01-14 08:18:33,481 INFO org.springframework.orm.jpa.AbstractEntityManagerFactoryBean [RMI TCP Connection(7)-127.0.0.1] Closing JPA EntityManagerFactory for persistence unit 'default'
2020-01-14 08:18:33,483 INFO com.zaxxer.hikari.HikariDataSource [RMI TCP Connection(7)-127.0.0.1] HikariPool-1 - Shutdown initiated...
2020-01-14 08:18:33,489 INFO com.zaxxer.hikari.HikariDataSource [RMI TCP Connection(7)-127.0.0.1] HikariPool-1 - Shutdown completed.
2020-01-14 08:18:37,045 INFO org.springframework.boot.StartupInfoLogger [main] Starting AppDia7 on CP5869 with PID 17264 (C:\Users\user\projetos\treinamento\target\classes started by user in C:\Users\user\projetos\treinamento)
2020-01-14 08:18:37,047 INFO org.springframework.boot.SpringApplication [main] No active profile set, falling back to default profiles: default
2020-01-14 08:18:37,459 INFO org.springframework.data.repository.config.RepositoryConfigurationDelegate [main] Bootstrapping Spring Data JPA repositories in DEFAULT mode.
2020-01-14 08:18:37,473 INFO org.springframework.data.repository.config.RepositoryConfigurationDelegate [main] Finished Spring Data repository scanning in 8ms. Found 0 JPA repository interfaces.
2020-01-14 08:18:37,641 INFO org.springframework.context.support.PostProcessorRegistrationDelegate$BeanPostProcessorChecker [main] Bean 'org.springframework.transaction.annotation.ProxyTransactionManagementConfiguration' of type [org.springframework.transaction.annotation.ProxyTransactionManagementConfiguration] is not eligible for getting processed by all BeanPostProcessors (for example: not eligible for auto-proxying)
2020-01-14 08:18:37,800 INFO org.springframework.boot.web.embedded.tomcat.TomcatWebServer [main] Tomcat initialized with port(s): 8080 (http)
2020-01-14 08:18:37,805 INFO org.apache.juli.logging.DirectJDKLog [main] Initializing ProtocolHandler ["http-nio-8080"]
2020-01-14 08:18:37,806 INFO org.apache.juli.logging.DirectJDKLog [main] Starting service [Tomcat]
2020-01-14 08:18:37,806 INFO org.apache.juli.logging.DirectJDKLog [main] Starting Servlet engine: [Apache Tomcat/9.0.29]
2020-01-14 08:18:37,907 INFO org.apache.juli.logging.DirectJDKLog [main] Initializing Spring embedded WebApplicationContext
2020-01-14 08:18:37,907 INFO org.springframework.boot.web.servlet.context.ServletWebServerApplicationContext [main] Root WebApplicationContext: initialization completed in 824 ms
2020-01-14 08:18:38,015 INFO org.hibernate.jpa.internal.util.LogHelper [main] HHH000204: Processing PersistenceUnitInfo [name: default]
2020-01-14 08:18:38,057 INFO org.hibernate.Version [main] HHH000412: Hibernate Core {5.4.9.Final}
2020-01-14 08:18:38,140 INFO org.hibernate.annotations.common.reflection.java.JavaReflectionManager [main] HCANN000001: Hibernate Commons Annotations {5.1.0.Final}
2020-01-14 08:18:38,254 INFO com.zaxxer.hikari.HikariDataSource [main] HikariPool-1 - Starting...
2020-01-14 08:18:38,283 INFO com.zaxxer.hikari.HikariDataSource [main] HikariPool-1 - Start completed.
2020-01-14 08:18:38,293 INFO org.hibernate.dialect.Dialect [main] HHH000400: Using dialect: org.hibernate.dialect.H2Dialect
2020-01-14 08:18:38,432 INFO org.hibernate.engine.transaction.jta.platform.internal.JtaPlatformInitiator [main] HHH000490: Using JtaPlatform implementation: [org.hibernate.engine.transaction.jta.platform.internal.NoJtaPlatform]
2020-01-14 08:18:38,440 INFO org.springframework.orm.jpa.AbstractEntityManagerFactoryBean [main] Initialized JPA EntityManagerFactory for persistence unit 'default'
2020-01-14 08:18:38,496 WARN org.springframework.boot.autoconfigure.orm.jpa.JpaBaseConfiguration$JpaWebConfiguration [main] spring.jpa.open-in-view is enabled by default. Therefore, database queries may be performed during view rendering. Explicitly configure spring.jpa.open-in-view to disable this warning
2020-01-14 08:18:38,594 INFO org.springframework.scheduling.concurrent.ExecutorConfigurationSupport [main] Initializing ExecutorService 'applicationTaskExecutor'
2020-01-14 08:18:38,717 INFO org.apache.juli.logging.DirectJDKLog [main] Starting ProtocolHandler ["http-nio-8080"]
2020-01-14 08:18:38,732 INFO org.springframework.boot.web.embedded.tomcat.TomcatWebServer [main] Tomcat started on port(s): 8080 (http) with context path ''
2020-01-14 08:18:38,734 INFO org.springframework.boot.StartupInfoLogger [main] Started AppDia7 in 1.946 seconds (JVM running for 2.876)
2020-01-14 08:18:41,394 INFO org.springframework.boot.StartupInfoLogger [main] Starting AppDia7 on CP5869 with PID 16028 (C:\Users\user\projetos\treinamento\target\classes started by user in C:\Users\user\projetos\treinamento)
2020-01-14 08:18:41,396 INFO org.springframework.boot.SpringApplication [main] No active profile set, falling back to default profiles: default
2020-01-14 08:18:41,804 INFO org.springframework.data.repository.config.RepositoryConfigurationDelegate [main] Bootstrapping Spring Data JPA repositories in DEFAULT mode.
2020-01-14 08:18:41,818 INFO org.springframework.data.repository.config.RepositoryConfigurationDelegate [main] Finished Spring Data repository scanning in 8ms. Found 0 JPA repository interfaces.
2020-01-14 08:18:41,984 INFO org.springframework.context.support.PostProcessorRegistrationDelegate$BeanPostProcessorChecker [main] Bean 'org.springframework.transaction.annotation.ProxyTransactionManagementConfiguration' of type [org.springframework.transaction.annotation.ProxyTransactionManagementConfiguration] is not eligible for getting processed by all BeanPostProcessors (for example: not eligible for auto-proxying)
2020-01-14 08:18:42,142 INFO org.springframework.boot.web.embedded.tomcat.TomcatWebServer [main] Tomcat initialized with port(s): 8080 (http)
2020-01-14 08:18:42,149 INFO org.apache.juli.logging.DirectJDKLog [main] Initializing ProtocolHandler ["http-nio-8080"]
2020-01-14 08:18:42,149 INFO org.apache.juli.logging.DirectJDKLog [main] Starting service [Tomcat]
2020-01-14 08:18:42,149 INFO org.apache.juli.logging.DirectJDKLog [main] Starting Servlet engine: [Apache Tomcat/9.0.29]
2020-01-14 08:18:42,214 INFO org.apache.juli.logging.DirectJDKLog [main] Initializing Spring embedded WebApplicationContext
2020-01-14 08:18:42,214 INFO org.springframework.boot.web.servlet.context.ServletWebServerApplicationContext [main] Root WebApplicationContext: initialization completed in 783 ms
2020-01-14 08:18:42,321 INFO org.hibernate.jpa.internal.util.LogHelper [main] HHH000204: Processing PersistenceUnitInfo [name: default]
2020-01-14 08:18:42,365 INFO org.hibernate.Version [main] HHH000412: Hibernate Core {5.4.9.Final}
2020-01-14 08:18:42,444 INFO org.hibernate.annotations.common.reflection.java.JavaReflectionManager [main] HCANN000001: Hibernate Commons Annotations {5.1.0.Final}
2020-01-14 08:18:42,565 INFO com.zaxxer.hikari.HikariDataSource [main] HikariPool-1 - Starting...
2020-01-14 08:18:42,593 INFO com.zaxxer.hikari.HikariDataSource [main] HikariPool-1 - Start completed.
2020-01-14 08:18:42,603 INFO org.hibernate.dialect.Dialect [main] HHH000400: Using dialect: org.hibernate.dialect.H2Dialect
2020-01-14 08:18:42,738 INFO org.hibernate.engine.transaction.jta.platform.internal.JtaPlatformInitiator [main] HHH000490: Using JtaPlatform implementation: [org.hibernate.engine.transaction.jta.platform.internal.NoJtaPlatform]
2020-01-14 08:18:42,743 INFO org.springframework.orm.jpa.AbstractEntityManagerFactoryBean [main] Initialized JPA EntityManagerFactory for persistence unit 'default'
2020-01-14 08:18:42,802 WARN org.springframework.boot.autoconfigure.orm.jpa.JpaBaseConfiguration$JpaWebConfiguration [main] spring.jpa.open-in-view is enabled by default. Therefore, database queries may be performed during view rendering. Explicitly configure spring.jpa.open-in-view to disable this warning
2020-01-14 08:18:42,902 INFO org.springframework.scheduling.concurrent.ExecutorConfigurationSupport [main] Initializing ExecutorService 'applicationTaskExecutor'
2020-01-14 08:18:43,028 INFO org.apache.juli.logging.DirectJDKLog [main] Starting ProtocolHandler ["http-nio-8080"]
2020-01-14 08:18:43,037 INFO org.apache.juli.logging.DirectJDKLog [main] Pausing ProtocolHandler ["http-nio-8080"]
2020-01-14 08:18:43,038 INFO org.apache.juli.logging.DirectJDKLog [main] Stopping service [Tomcat]
2020-01-14 08:18:43,041 INFO org.apache.juli.logging.DirectJDKLog [main] Stopping ProtocolHandler ["http-nio-8080"]
2020-01-14 08:18:43,042 INFO org.apache.juli.logging.DirectJDKLog [main] Destroying ProtocolHandler ["http-nio-8080"]
2020-01-14 08:18:43,044 INFO org.springframework.boot.autoconfigure.logging.ConditionEvaluationReportLoggingListener [main] 

Error starting ApplicationContext. To display the conditions report re-run your application with 'debug' enabled.
2020-01-14 08:18:43,048 ERROR org.springframework.boot.diagnostics.LoggingFailureAnalysisReporter [main] 

***************************
APPLICATION FAILED TO START
***************************

Description:

Web server failed to start. Port 8080 was already in use.

Action:

Identify and stop the process that's listening on port 8080 or configure this application to listen on another port.

2020-01-14 08:18:43,050 INFO org.springframework.scheduling.concurrent.ExecutorConfigurationSupport [main] Shutting down ExecutorService 'applicationTaskExecutor'
2020-01-14 08:18:43,050 INFO org.springframework.orm.jpa.AbstractEntityManagerFactoryBean [main] Closing JPA EntityManagerFactory for persistence unit 'default'
2020-01-14 08:18:43,052 INFO com.zaxxer.hikari.HikariDataSource [main] HikariPool-1 - Shutdown initiated...
2020-01-14 08:18:43,057 INFO com.zaxxer.hikari.HikariDataSource [main] HikariPool-1 - Shutdown completed.
2020-01-14 08:19:06,439 INFO org.springframework.boot.admin.SpringApplicationAdminMXBeanRegistrar$SpringApplicationAdmin [RMI TCP Connection(5)-127.0.0.1] Application shutdown requested.
2020-01-14 08:19:06,442 INFO org.springframework.scheduling.concurrent.ExecutorConfigurationSupport [RMI TCP Connection(5)-127.0.0.1] Shutting down ExecutorService 'applicationTaskExecutor'
2020-01-14 08:19:06,443 INFO org.springframework.orm.jpa.AbstractEntityManagerFactoryBean [RMI TCP Connection(5)-127.0.0.1] Closing JPA EntityManagerFactory for persistence unit 'default'
2020-01-14 08:19:06,445 INFO com.zaxxer.hikari.HikariDataSource [RMI TCP Connection(5)-127.0.0.1] HikariPool-1 - Shutdown initiated...
2020-01-14 08:19:06,451 INFO com.zaxxer.hikari.HikariDataSource [RMI TCP Connection(5)-127.0.0.1] HikariPool-1 - Shutdown completed.
