2020-01-13 16:39:56,876 INFO com.zaxxer.hikari.HikariDataSource [main] HikariPool-1 - Starting...
2020-01-13 16:39:56,908 INFO com.zaxxer.hikari.HikariDataSource [main] HikariPool-1 - Start completed.
2020-01-13 16:39:56,917 INFO org.hibernate.dialect.Dialect [main] HHH000400: Using dialect: org.hibernate.dialect.H2Dialect
2020-01-13 16:39:57,274 INFO org.hibernate.engine.transaction.jta.platform.internal.JtaPlatformInitiator [main] HHH000490: Using JtaPlatform implementation: [org.hibernate.engine.transaction.jta.platform.internal.NoJtaPlatform]
2020-01-13 16:39:57,325 INFO org.springframework.orm.jpa.AbstractEntityManagerFactoryBean [main] Initialized JPA EntityManagerFactory for persistence unit 'default'
2020-01-13 16:39:57,421 INFO org.springframework.boot.StartupInfoLogger [main] Started AppLivro in 1.534 seconds (JVM running for 2.396)
2020-01-13 16:39:57,556 INFO treinamento.dia6.AppSpringJPA [main] Inicializando aplicação Spring...
2020-01-13 16:39:57,558 INFO treinamento.dia6.AppSpringJPA [main] Encerrando aplicação Spring...
2020-01-13 16:39:57,560 INFO org.springframework.orm.jpa.AbstractEntityManagerFactoryBean [SpringContextShutdownHook] Closing JPA EntityManagerFactory for persistence unit 'default'
2020-01-13 16:39:57,562 INFO com.zaxxer.hikari.HikariDataSource [SpringContextShutdownHook] HikariPool-1 - Shutdown initiated...
2020-01-13 16:39:57,568 INFO com.zaxxer.hikari.HikariDataSource [SpringContextShutdownHook] HikariPool-1 - Shutdown completed.
2020-01-13 16:53:59,656 INFO org.springframework.boot.StartupInfoLogger [main] Starting AppLivro on CP5869 with PID 9704 (C:\Users\user\projetos\treinamento\target\classes started by user in C:\Users\user\projetos\treinamento)
2020-01-13 16:53:59,678 INFO org.springframework.boot.SpringApplication [main] No active profile set, falling back to default profiles: default
2020-01-13 16:53:59,974 INFO org.springframework.data.repository.config.RepositoryConfigurationDelegate [main] Bootstrapping Spring Data JPA repositories in DEFAULT mode.
2020-01-13 16:53:59,988 INFO org.springframework.data.repository.config.RepositoryConfigurationDelegate [main] Finished Spring Data repository scanning in 9ms. Found 0 JPA repository interfaces.
2020-01-13 16:54:00,258 INFO org.hibernate.jpa.internal.util.LogHelper [main] HHH000204: Processing PersistenceUnitInfo [name: default]
2020-01-13 16:54:00,297 INFO org.hibernate.Version [main] HHH000412: Hibernate Core {5.4.9.Final}
2020-01-13 16:54:00,376 INFO org.hibernate.annotations.common.reflection.java.JavaReflectionManager [main] HCANN000001: Hibernate Commons Annotations {5.1.0.Final}
2020-01-13 16:54:00,435 INFO com.zaxxer.hikari.HikariDataSource [main] HikariPool-1 - Starting...
2020-01-13 16:54:00,468 INFO com.zaxxer.hikari.HikariDataSource [main] HikariPool-1 - Start completed.
2020-01-13 16:54:00,477 INFO org.hibernate.dialect.Dialect [main] HHH000400: Using dialect: org.hibernate.dialect.H2Dialect
2020-01-13 16:54:00,834 INFO org.hibernate.engine.transaction.jta.platform.internal.JtaPlatformInitiator [main] HHH000490: Using JtaPlatform implementation: [org.hibernate.engine.transaction.jta.platform.internal.NoJtaPlatform]
2020-01-13 16:54:00,888 INFO org.springframework.orm.jpa.AbstractEntityManagerFactoryBean [main] Initialized JPA EntityManagerFactory for persistence unit 'default'
2020-01-13 16:54:00,987 INFO org.springframework.boot.StartupInfoLogger [main] Started AppLivro in 1.576 seconds (JVM running for 2.466)
2020-01-13 16:54:01,129 INFO treinamento.dia6.AppSpringJPA [main] Inicializando aplicação Spring...
2020-01-13 16:54:01,130 INFO treinamento.dia6.AppSpringJPA [main] Encerrando aplicação Spring...
2020-01-13 16:54:01,133 INFO org.springframework.orm.jpa.AbstractEntityManagerFactoryBean [SpringContextShutdownHook] Closing JPA EntityManagerFactory for persistence unit 'default'
2020-01-13 16:54:01,135 INFO com.zaxxer.hikari.HikariDataSource [SpringContextShutdownHook] HikariPool-1 - Shutdown initiated...
2020-01-13 16:54:01,140 INFO com.zaxxer.hikari.HikariDataSource [SpringContextShutdownHook] HikariPool-1 - Shutdown completed.
2020-01-13 16:54:26,106 INFO org.springframework.boot.StartupInfoLogger [main] Starting AppLivro on CP5869 with PID 20444 (C:\Users\user\projetos\treinamento\target\classes started by user in C:\Users\user\projetos\treinamento)
2020-01-13 16:54:26,108 INFO org.springframework.boot.SpringApplication [main] No active profile set, falling back to default profiles: default
2020-01-13 16:54:26,394 INFO org.springframework.data.repository.config.RepositoryConfigurationDelegate [main] Bootstrapping Spring Data JPA repositories in DEFAULT mode.
2020-01-13 16:54:26,409 INFO org.springframework.data.repository.config.RepositoryConfigurationDelegate [main] Finished Spring Data repository scanning in 9ms. Found 0 JPA repository interfaces.
2020-01-13 16:54:26,681 INFO org.hibernate.jpa.internal.util.LogHelper [main] HHH000204: Processing PersistenceUnitInfo [name: default]
2020-01-13 16:54:26,720 INFO org.hibernate.Version [main] HHH000412: Hibernate Core {5.4.9.Final}
2020-01-13 16:54:26,797 INFO org.hibernate.annotations.common.reflection.java.JavaReflectionManager [main] HCANN000001: Hibernate Commons Annotations {5.1.0.Final}
2020-01-13 16:54:26,859 INFO com.zaxxer.hikari.HikariDataSource [main] HikariPool-1 - Starting...
2020-01-13 16:54:26,889 INFO com.zaxxer.hikari.HikariDataSource [main] HikariPool-1 - Start completed.
2020-01-13 16:54:26,898 INFO org.hibernate.dialect.Dialect [main] HHH000400: Using dialect: org.hibernate.dialect.H2Dialect
2020-01-13 16:54:27,245 INFO org.hibernate.engine.transaction.jta.platform.internal.JtaPlatformInitiator [main] HHH000490: Using JtaPlatform implementation: [org.hibernate.engine.transaction.jta.platform.internal.NoJtaPlatform]
2020-01-13 16:54:27,303 INFO org.springframework.orm.jpa.AbstractEntityManagerFactoryBean [main] Initialized JPA EntityManagerFactory for persistence unit 'default'
2020-01-13 16:54:27,405 INFO org.springframework.boot.StartupInfoLogger [main] Started AppLivro in 1.546 seconds (JVM running for 2.401)
2020-01-13 16:54:27,547 INFO treinamento.dia6.AppSpringJPA [main] Inicializando aplicação Spring...
2020-01-13 16:54:27,548 INFO treinamento.dia6.AppSpringJPA [main] Encerrando aplicação Spring...
2020-01-13 16:54:27,551 INFO org.springframework.orm.jpa.AbstractEntityManagerFactoryBean [SpringContextShutdownHook] Closing JPA EntityManagerFactory for persistence unit 'default'
2020-01-13 16:54:27,553 INFO com.zaxxer.hikari.HikariDataSource [SpringContextShutdownHook] HikariPool-1 - Shutdown initiated...
2020-01-13 16:54:27,558 INFO com.zaxxer.hikari.HikariDataSource [SpringContextShutdownHook] HikariPool-1 - Shutdown completed.
2020-01-13 16:59:06,805 INFO org.springframework.boot.StartupInfoLogger [main] Starting AppLivro on CP5869 with PID 9496 (C:\Users\user\projetos\treinamento\target\classes started by user in C:\Users\user\projetos\treinamento)
2020-01-13 16:59:06,808 INFO org.springframework.boot.SpringApplication [main] No active profile set, falling back to default profiles: default
2020-01-13 16:59:07,091 INFO org.springframework.data.repository.config.RepositoryConfigurationDelegate [main] Bootstrapping Spring Data JPA repositories in DEFAULT mode.
2020-01-13 16:59:07,105 INFO org.springframework.data.repository.config.RepositoryConfigurationDelegate [main] Finished Spring Data repository scanning in 9ms. Found 0 JPA repository interfaces.
2020-01-13 16:59:07,369 INFO org.hibernate.jpa.internal.util.LogHelper [main] HHH000204: Processing PersistenceUnitInfo [name: default]
2020-01-13 16:59:07,408 INFO org.hibernate.Version [main] HHH000412: Hibernate Core {5.4.9.Final}
2020-01-13 16:59:07,485 INFO org.hibernate.annotations.common.reflection.java.JavaReflectionManager [main] HCANN000001: Hibernate Commons Annotations {5.1.0.Final}
2020-01-13 16:59:07,548 INFO com.zaxxer.hikari.HikariDataSource [main] HikariPool-1 - Starting...
2020-01-13 16:59:07,576 INFO com.zaxxer.hikari.HikariDataSource [main] HikariPool-1 - Start completed.
2020-01-13 16:59:07,586 INFO org.hibernate.dialect.Dialect [main] HHH000400: Using dialect: org.hibernate.dialect.H2Dialect
2020-01-13 16:59:07,943 INFO org.hibernate.engine.transaction.jta.platform.internal.JtaPlatformInitiator [main] HHH000490: Using JtaPlatform implementation: [org.hibernate.engine.transaction.jta.platform.internal.NoJtaPlatform]
2020-01-13 16:59:07,998 INFO org.springframework.orm.jpa.AbstractEntityManagerFactoryBean [main] Initialized JPA EntityManagerFactory for persistence unit 'default'
2020-01-13 16:59:08,094 INFO org.springframework.boot.StartupInfoLogger [main] Started AppLivro in 1.536 seconds (JVM running for 2.401)
2020-01-13 16:59:08,229 INFO treinamento.dia6.AppSpringJPA [main] Inicializando aplicação Spring...
2020-01-13 16:59:08,231 INFO treinamento.dia6.AppSpringJPA [main] Encerrando aplicação Spring...
2020-01-13 16:59:08,233 INFO org.springframework.orm.jpa.AbstractEntityManagerFactoryBean [SpringContextShutdownHook] Closing JPA EntityManagerFactory for persistence unit 'default'
2020-01-13 16:59:08,235 INFO com.zaxxer.hikari.HikariDataSource [SpringContextShutdownHook] HikariPool-1 - Shutdown initiated...
2020-01-13 16:59:08,239 INFO com.zaxxer.hikari.HikariDataSource [SpringContextShutdownHook] HikariPool-1 - Shutdown completed.
2020-01-13 17:03:22,503 INFO org.springframework.boot.StartupInfoLogger [main] Starting AppLivro on CP5869 with PID 17992 (C:\Users\user\projetos\treinamento\target\classes started by user in C:\Users\user\projetos\treinamento)
2020-01-13 17:03:22,506 INFO org.springframework.boot.SpringApplication [main] No active profile set, falling back to default profiles: default
2020-01-13 17:03:22,790 INFO org.springframework.data.repository.config.RepositoryConfigurationDelegate [main] Bootstrapping Spring Data JPA repositories in DEFAULT mode.
2020-01-13 17:03:22,805 INFO org.springframework.data.repository.config.RepositoryConfigurationDelegate [main] Finished Spring Data repository scanning in 10ms. Found 0 JPA repository interfaces.
2020-01-13 17:03:23,075 INFO org.hibernate.jpa.internal.util.LogHelper [main] HHH000204: Processing PersistenceUnitInfo [name: default]
2020-01-13 17:03:23,115 INFO org.hibernate.Version [main] HHH000412: Hibernate Core {5.4.9.Final}
2020-01-13 17:03:23,193 INFO org.hibernate.annotations.common.reflection.java.JavaReflectionManager [main] HCANN000001: Hibernate Commons Annotations {5.1.0.Final}
2020-01-13 17:03:23,256 INFO com.zaxxer.hikari.HikariDataSource [main] HikariPool-1 - Starting...
2020-01-13 17:03:23,285 INFO com.zaxxer.hikari.HikariDataSource [main] HikariPool-1 - Start completed.
2020-01-13 17:03:23,294 INFO org.hibernate.dialect.Dialect [main] HHH000400: Using dialect: org.hibernate.dialect.H2Dialect
2020-01-13 17:03:23,650 INFO org.hibernate.engine.transaction.jta.platform.internal.JtaPlatformInitiator [main] HHH000490: Using JtaPlatform implementation: [org.hibernate.engine.transaction.jta.platform.internal.NoJtaPlatform]
2020-01-13 17:03:23,704 INFO org.springframework.orm.jpa.AbstractEntityManagerFactoryBean [main] Initialized JPA EntityManagerFactory for persistence unit 'default'
2020-01-13 17:03:23,802 INFO org.springframework.boot.StartupInfoLogger [main] Started AppLivro in 1.544 seconds (JVM running for 2.411)
2020-01-13 17:03:23,936 INFO treinamento.dia6.AppSpringJPA [main] Inicializando aplicação Spring...
2020-01-13 17:03:23,938 INFO treinamento.dia6.AppSpringJPA [main] Encerrando aplicação Spring...
2020-01-13 17:03:23,940 INFO org.springframework.orm.jpa.AbstractEntityManagerFactoryBean [SpringContextShutdownHook] Closing JPA EntityManagerFactory for persistence unit 'default'
2020-01-13 17:03:23,942 INFO com.zaxxer.hikari.HikariDataSource [SpringContextShutdownHook] HikariPool-1 - Shutdown initiated...
2020-01-13 17:03:23,947 INFO com.zaxxer.hikari.HikariDataSource [SpringContextShutdownHook] HikariPool-1 - Shutdown completed.
2020-01-13 17:05:08,004 INFO org.springframework.boot.StartupInfoLogger [main] Starting AppLivro on CP5869 with PID 14332 (C:\Users\user\projetos\treinamento\target\classes started by user in C:\Users\user\projetos\treinamento)
2020-01-13 17:05:08,006 INFO org.springframework.boot.SpringApplication [main] No active profile set, falling back to default profiles: default
2020-01-13 17:05:08,287 INFO org.springframework.data.repository.config.RepositoryConfigurationDelegate [main] Bootstrapping Spring Data JPA repositories in DEFAULT mode.
2020-01-13 17:05:08,302 INFO org.springframework.data.repository.config.RepositoryConfigurationDelegate [main] Finished Spring Data repository scanning in 9ms. Found 0 JPA repository interfaces.
2020-01-13 17:05:08,570 INFO org.hibernate.jpa.internal.util.LogHelper [main] HHH000204: Processing PersistenceUnitInfo [name: default]
2020-01-13 17:05:08,610 INFO org.hibernate.Version [main] HHH000412: Hibernate Core {5.4.9.Final}
2020-01-13 17:05:08,694 INFO org.hibernate.annotations.common.reflection.java.JavaReflectionManager [main] HCANN000001: Hibernate Commons Annotations {5.1.0.Final}
2020-01-13 17:05:08,765 INFO com.zaxxer.hikari.HikariDataSource [main] HikariPool-1 - Starting...
2020-01-13 17:05:08,795 INFO com.zaxxer.hikari.HikariDataSource [main] HikariPool-1 - Start completed.
2020-01-13 17:05:08,805 INFO org.hibernate.dialect.Dialect [main] HHH000400: Using dialect: org.hibernate.dialect.H2Dialect
2020-01-13 17:05:09,206 INFO org.hibernate.engine.transaction.jta.platform.internal.JtaPlatformInitiator [main] HHH000490: Using JtaPlatform implementation: [org.hibernate.engine.transaction.jta.platform.internal.NoJtaPlatform]
2020-01-13 17:05:09,263 INFO org.springframework.orm.jpa.AbstractEntityManagerFactoryBean [main] Initialized JPA EntityManagerFactory for persistence unit 'default'
2020-01-13 17:05:09,357 INFO org.springframework.boot.StartupInfoLogger [main] Started AppLivro in 1.599 seconds (JVM running for 2.476)
2020-01-13 17:05:09,496 INFO treinamento.dia6.AppSpringJPA [main] Inicializando aplicação Spring...
2020-01-13 17:05:09,497 INFO treinamento.dia6.AppSpringJPA [main] Encerrando aplicação Spring...
2020-01-13 17:05:09,500 INFO org.springframework.orm.jpa.AbstractEntityManagerFactoryBean [SpringContextShutdownHook] Closing JPA EntityManagerFactory for persistence unit 'default'
2020-01-13 17:05:09,501 INFO com.zaxxer.hikari.HikariDataSource [SpringContextShutdownHook] HikariPool-1 - Shutdown initiated...
2020-01-13 17:05:09,506 INFO com.zaxxer.hikari.HikariDataSource [SpringContextShutdownHook] HikariPool-1 - Shutdown completed.
2020-01-13 17:10:28,242 INFO org.springframework.boot.StartupInfoLogger [main] Starting AppLivro on CP5869 with PID 13768 (C:\Users\user\projetos\treinamento\target\classes started by user in C:\Users\user\projetos\treinamento)
2020-01-13 17:10:28,244 INFO org.springframework.boot.SpringApplication [main] No active profile set, falling back to default profiles: default
2020-01-13 17:10:28,524 INFO org.springframework.data.repository.config.RepositoryConfigurationDelegate [main] Bootstrapping Spring Data JPA repositories in DEFAULT mode.
2020-01-13 17:10:28,539 INFO org.springframework.data.repository.config.RepositoryConfigurationDelegate [main] Finished Spring Data repository scanning in 9ms. Found 0 JPA repository interfaces.
2020-01-13 17:10:28,808 INFO org.hibernate.jpa.internal.util.LogHelper [main] HHH000204: Processing PersistenceUnitInfo [name: default]
2020-01-13 17:10:28,847 INFO org.hibernate.Version [main] HHH000412: Hibernate Core {5.4.9.Final}
2020-01-13 17:10:28,924 INFO org.hibernate.annotations.common.reflection.java.JavaReflectionManager [main] HCANN000001: Hibernate Commons Annotations {5.1.0.Final}
2020-01-13 17:10:28,987 INFO com.zaxxer.hikari.HikariDataSource [main] HikariPool-1 - Starting...
2020-01-13 17:10:29,017 INFO com.zaxxer.hikari.HikariDataSource [main] HikariPool-1 - Start completed.
2020-01-13 17:10:29,026 INFO org.hibernate.dialect.Dialect [main] HHH000400: Using dialect: org.hibernate.dialect.H2Dialect
2020-01-13 17:10:29,381 INFO org.hibernate.engine.transaction.jta.platform.internal.JtaPlatformInitiator [main] HHH000490: Using JtaPlatform implementation: [org.hibernate.engine.transaction.jta.platform.internal.NoJtaPlatform]
2020-01-13 17:10:29,437 INFO org.springframework.orm.jpa.AbstractEntityManagerFactoryBean [main] Initialized JPA EntityManagerFactory for persistence unit 'default'
2020-01-13 17:10:29,532 INFO org.springframework.boot.StartupInfoLogger [main] Started AppLivro in 1.538 seconds (JVM running for 2.41)
2020-01-13 17:10:29,679 INFO treinamento.dia6.AppSpringJPA [main] Inicializando aplicação Spring...
2020-01-13 17:10:29,681 INFO treinamento.dia6.AppSpringJPA [main] Encerrando aplicação Spring...
2020-01-13 17:10:29,684 INFO org.springframework.orm.jpa.AbstractEntityManagerFactoryBean [SpringContextShutdownHook] Closing JPA EntityManagerFactory for persistence unit 'default'
2020-01-13 17:10:29,688 INFO com.zaxxer.hikari.HikariDataSource [SpringContextShutdownHook] HikariPool-1 - Shutdown initiated...
2020-01-13 17:10:29,699 INFO com.zaxxer.hikari.HikariDataSource [SpringContextShutdownHook] HikariPool-1 - Shutdown completed.
2020-01-13 17:28:14,386 INFO org.springframework.boot.StartupInfoLogger [main] Starting App on CP5869 with PID 2232 (C:\Users\user\projetos\treinamento\target\classes started by user in C:\Users\user\projetos\treinamento)
2020-01-13 17:28:14,388 INFO org.springframework.boot.SpringApplication [main] No active profile set, falling back to default profiles: default
2020-01-13 17:28:14,672 INFO org.springframework.data.repository.config.RepositoryConfigurationDelegate [main] Bootstrapping Spring Data JPA repositories in DEFAULT mode.
2020-01-13 17:28:14,688 INFO org.springframework.data.repository.config.RepositoryConfigurationDelegate [main] Finished Spring Data repository scanning in 10ms. Found 0 JPA repository interfaces.
2020-01-13 17:28:14,958 INFO org.hibernate.jpa.internal.util.LogHelper [main] HHH000204: Processing PersistenceUnitInfo [name: default]
2020-01-13 17:28:14,997 INFO org.hibernate.Version [main] HHH000412: Hibernate Core {5.4.9.Final}
2020-01-13 17:28:15,076 INFO org.hibernate.annotations.common.reflection.java.JavaReflectionManager [main] HCANN000001: Hibernate Commons Annotations {5.1.0.Final}
2020-01-13 17:28:15,141 INFO com.zaxxer.hikari.HikariDataSource [main] HikariPool-1 - Starting...
2020-01-13 17:28:15,169 INFO com.zaxxer.hikari.HikariDataSource [main] HikariPool-1 - Start completed.
2020-01-13 17:28:15,178 INFO org.hibernate.dialect.Dialect [main] HHH000400: Using dialect: org.hibernate.dialect.H2Dialect
2020-01-13 17:28:15,538 INFO org.hibernate.engine.transaction.jta.platform.internal.JtaPlatformInitiator [main] HHH000490: Using JtaPlatform implementation: [org.hibernate.engine.transaction.jta.platform.internal.NoJtaPlatform]
2020-01-13 17:28:15,596 INFO org.springframework.orm.jpa.AbstractEntityManagerFactoryBean [main] Initialized JPA EntityManagerFactory for persistence unit 'default'
2020-01-13 17:28:15,646 WARN org.springframework.context.support.AbstractApplicationContext [main] Exception encountered during context initialization - cancelling refresh attempt: org.springframework.beans.factory.UnsatisfiedDependencyException: Error creating bean with name 'app': Unsatisfied dependency expressed through field 'veiculo'; nested exception is org.springframework.beans.factory.UnsatisfiedDependencyException: Error creating bean with name 'veiculo': Unsatisfied dependency expressed through field 'motor'; nested exception is org.springframework.beans.factory.NoSuchBeanDefinitionException: No qualifying bean of type 'treinamento.dia6.veiculo.Motor' available: expected at least 1 bean which qualifies as autowire candidate. Dependency annotations: {@org.springframework.beans.factory.annotation.Autowired(required=true)}
2020-01-13 17:28:15,646 INFO org.springframework.orm.jpa.AbstractEntityManagerFactoryBean [main] Closing JPA EntityManagerFactory for persistence unit 'default'
2020-01-13 17:28:15,648 INFO com.zaxxer.hikari.HikariDataSource [main] HikariPool-1 - Shutdown initiated...
2020-01-13 17:28:15,653 INFO com.zaxxer.hikari.HikariDataSource [main] HikariPool-1 - Shutdown completed.
2020-01-13 17:28:15,659 INFO org.springframework.boot.autoconfigure.logging.ConditionEvaluationReportLoggingListener [main] 

Error starting ApplicationContext. To display the conditions report re-run your application with 'debug' enabled.
2020-01-13 17:28:15,729 ERROR org.springframework.boot.diagnostics.LoggingFailureAnalysisReporter [main] 

***************************
APPLICATION FAILED TO START
***************************

Description:

Field motor in treinamento.dia6.veiculo.Veiculo required a bean of type 'treinamento.dia6.veiculo.Motor' that could not be found.

The injection point has the following annotations:
	- @org.springframework.beans.factory.annotation.Autowired(required=true)


Action:

Consider defining a bean of type 'treinamento.dia6.veiculo.Motor' in your configuration.

2020-01-13 17:31:11,930 INFO org.springframework.boot.StartupInfoLogger [main] Starting App on CP5869 with PID 16288 (C:\Users\user\projetos\treinamento\target\classes started by user in C:\Users\user\projetos\treinamento)
2020-01-13 17:31:11,932 INFO org.springframework.boot.SpringApplication [main] No active profile set, falling back to default profiles: default
2020-01-13 17:31:12,218 INFO org.springframework.data.repository.config.RepositoryConfigurationDelegate [main] Bootstrapping Spring Data JPA repositories in DEFAULT mode.
2020-01-13 17:31:12,233 INFO org.springframework.data.repository.config.RepositoryConfigurationDelegate [main] Finished Spring Data repository scanning in 10ms. Found 0 JPA repository interfaces.
2020-01-13 17:31:12,505 INFO org.hibernate.jpa.internal.util.LogHelper [main] HHH000204: Processing PersistenceUnitInfo [name: default]
2020-01-13 17:31:12,547 INFO org.hibernate.Version [main] HHH000412: Hibernate Core {5.4.9.Final}
2020-01-13 17:31:12,623 INFO org.hibernate.annotations.common.reflection.java.JavaReflectionManager [main] HCANN000001: Hibernate Commons Annotations {5.1.0.Final}
2020-01-13 17:31:12,687 INFO com.zaxxer.hikari.HikariDataSource [main] HikariPool-1 - Starting...
2020-01-13 17:31:12,715 INFO com.zaxxer.hikari.HikariDataSource [main] HikariPool-1 - Start completed.
2020-01-13 17:31:12,724 INFO org.hibernate.dialect.Dialect [main] HHH000400: Using dialect: org.hibernate.dialect.H2Dialect
2020-01-13 17:31:13,083 INFO org.hibernate.engine.transaction.jta.platform.internal.JtaPlatformInitiator [main] HHH000490: Using JtaPlatform implementation: [org.hibernate.engine.transaction.jta.platform.internal.NoJtaPlatform]
2020-01-13 17:31:13,137 INFO org.springframework.orm.jpa.AbstractEntityManagerFactoryBean [main] Initialized JPA EntityManagerFactory for persistence unit 'default'
2020-01-13 17:31:13,238 INFO org.springframework.boot.StartupInfoLogger [main] Started App in 1.554 seconds (JVM running for 2.42)
2020-01-13 17:31:13,240 INFO treinamento.dia6.AppSpringJPA [main] Inicializando aplicação Spring...
2020-01-13 17:31:13,272 INFO treinamento.dia6.AppSpringJPA [main] Encerrando aplicação Spring...
2020-01-13 17:31:13,274 INFO org.springframework.orm.jpa.AbstractEntityManagerFactoryBean [SpringContextShutdownHook] Closing JPA EntityManagerFactory for persistence unit 'default'
2020-01-13 17:31:13,276 INFO com.zaxxer.hikari.HikariDataSource [SpringContextShutdownHook] HikariPool-1 - Shutdown initiated...
2020-01-13 17:31:13,280 INFO com.zaxxer.hikari.HikariDataSource [SpringContextShutdownHook] HikariPool-1 - Shutdown completed.
2020-01-13 17:31:30,088 INFO org.springframework.boot.StartupInfoLogger [main] Starting App on CP5869 with PID 7384 (C:\Users\user\projetos\treinamento\target\classes started by user in C:\Users\user\projetos\treinamento)
2020-01-13 17:31:30,089 INFO org.springframework.boot.SpringApplication [main] No active profile set, falling back to default profiles: default
2020-01-13 17:31:30,373 INFO org.springframework.data.repository.config.RepositoryConfigurationDelegate [main] Bootstrapping Spring Data JPA repositories in DEFAULT mode.
2020-01-13 17:31:30,389 INFO org.springframework.data.repository.config.RepositoryConfigurationDelegate [main] Finished Spring Data repository scanning in 10ms. Found 0 JPA repository interfaces.
2020-01-13 17:31:30,652 INFO org.hibernate.jpa.internal.util.LogHelper [main] HHH000204: Processing PersistenceUnitInfo [name: default]
2020-01-13 17:31:30,691 INFO org.hibernate.Version [main] HHH000412: Hibernate Core {5.4.9.Final}
2020-01-13 17:31:30,768 INFO org.hibernate.annotations.common.reflection.java.JavaReflectionManager [main] HCANN000001: Hibernate Commons Annotations {5.1.0.Final}
2020-01-13 17:31:30,832 INFO com.zaxxer.hikari.HikariDataSource [main] HikariPool-1 - Starting...
2020-01-13 17:31:30,861 INFO com.zaxxer.hikari.HikariDataSource [main] HikariPool-1 - Start completed.
2020-01-13 17:31:30,870 INFO org.hibernate.dialect.Dialect [main] HHH000400: Using dialect: org.hibernate.dialect.H2Dialect
2020-01-13 17:31:31,248 INFO org.hibernate.engine.transaction.jta.platform.internal.JtaPlatformInitiator [main] HHH000490: Using JtaPlatform implementation: [org.hibernate.engine.transaction.jta.platform.internal.NoJtaPlatform]
2020-01-13 17:31:31,303 INFO org.springframework.orm.jpa.AbstractEntityManagerFactoryBean [main] Initialized JPA EntityManagerFactory for persistence unit 'default'
2020-01-13 17:31:31,401 INFO org.springframework.boot.StartupInfoLogger [main] Started App in 1.559 seconds (JVM running for 2.427)
2020-01-13 17:31:31,402 INFO treinamento.dia6.AppSpringJPA [main] Inicializando aplicação Spring...
2020-01-13 17:31:31,435 INFO treinamento.dia6.AppSpringJPA [main] Encerrando aplicação Spring...
2020-01-13 17:31:31,437 INFO org.springframework.orm.jpa.AbstractEntityManagerFactoryBean [SpringContextShutdownHook] Closing JPA EntityManagerFactory for persistence unit 'default'
2020-01-13 17:31:31,439 INFO com.zaxxer.hikari.HikariDataSource [SpringContextShutdownHook] HikariPool-1 - Shutdown initiated...
2020-01-13 17:31:31,444 INFO com.zaxxer.hikari.HikariDataSource [SpringContextShutdownHook] HikariPool-1 - Shutdown completed.
